<?xml version="1.0" encoding="UTF-8"?>
<testng-results skipped="0" failed="0" ignored="0" total="1" passed="1">
  <reporter-output>
  </reporter-output>
  <suite name="Default suite" duration-ms="8519" started-at="2020-03-17T06:41:20Z" finished-at="2020-03-17T06:41:29Z">
    <groups>
    </groups>
    <test name="Default test" duration-ms="8519" started-at="2020-03-17T06:41:20Z" finished-at="2020-03-17T06:41:29Z">
      <class name="com.hubspot.tests.LoginPFTest">
        <test-method status="PASS" signature="setUp()[pri:0, instance:com.hubspot.tests.LoginPFTest@53e211ee]" name="setUp" is-config="true" duration-ms="7419" started-at="2020-03-17T06:41:20Z" finished-at="2020-03-17T06:41:28Z">
          <reporter-output>
          </reporter-output>
        </test-method> <!-- setUp -->
        <test-method status="PASS" signature="loginTest()[pri:0, instance:com.hubspot.tests.LoginPFTest@53e211ee]" name="loginTest" duration-ms="728" started-at="2020-03-17T06:41:28Z" finished-at="2020-03-17T06:41:29Z">
          <reporter-output>
          </reporter-output>
        </test-method> <!-- loginTest -->
        <test-method status="PASS" signature="tearDown()[pri:0, instance:com.hubspot.tests.LoginPFTest@53e211ee]" name="tearDown" is-config="true" duration-ms="84" started-at="2020-03-17T06:41:29Z" finished-at="2020-03-17T06:41:29Z">
          <reporter-output>
          </reporter-output>
        </test-method> <!-- tearDown -->
      </class> <!-- com.hubspot.tests.LoginPFTest -->
    </test> <!-- Default test -->
  </suite> <!-- Default suite -->
</testng-results>
